<?xml version="1.0" encoding="UTF-8" ?>
<testsuite errors="0" failures="1" hostname="DESKTOP-1QI7G5I" name="edu.sc.csce747.MeetingPlanner.RoomTest" skipped="0" tests="12" time="1.014" timestamp="2025-10-27T07:21:49">
  <properties>
    <property name="ant.library.dir" value="C:\ant\apache-ant-1.10.14\lib" />
    <property name="ant.file.type" value="file" />
    <property name="java.specification.version" value="22" />
    <property name="ant.project.name" value="MeetingPlanner" />
    <property name="sun.cpu.isalist" value="amd64" />
    <property name="sun.jnu.encoding" value="Cp1252" />
    <property name="java.class.path" value="C:\Users\User\OneDrive\Documents\F.CSA313-Batalgaa\Lab7-UnitTest\MeetingPlanner\build\classes;C:\Users\User\OneDrive\Documents\F.CSA313-Batalgaa\Lab7-UnitTest\MeetingPlanner\build\test-classes;C:\Users\User\OneDrive\Documents\F.CSA313-Batalgaa\Lab7-UnitTest\MeetingPlanner\lib\hamcrest-core-1.3.jar;C:\Users\User\OneDrive\Documents\F.CSA313-Batalgaa\Lab7-UnitTest\MeetingPlanner\lib\junit-4.13.2.jar;C:\ant\apache-ant-1.10.14\lib\ant-launcher.jar;C:\ant\apache-ant-1.10.14\lib\ant.jar;C:\ant\apache-ant-1.10.14\lib\ant-junit.jar;C:\ant\apache-ant-1.10.14\lib\ant-junit4.jar" />
    <property name="java.vm.vendor" value="Oracle Corporation" />
    <property name="sun.arch.data.model" value="64" />
    <property name="user.variant" value="" />
    <property name="java.vendor.url" value="https://java.oracle.com/" />
    <property name="java.vm.specification.version" value="22" />
    <property name="os.name" value="Windows 11" />
    <property name="junit.version" value="4.13.2" />
    <property name="sun.java.launcher" value="SUN_STANDARD" />
    <property name="user.country" value="US" />
    <property name="sun.boot.library.path" value="C:\Program Files\Java\jdk-22\bin" />
    <property name="sun.java.command" value="org.apache.tools.ant.taskdefs.optional.junit.JUnitTestRunner edu.sc.csce747.MeetingPlanner.RoomTest skipNonTests=false filtertrace=true haltOnError=false haltOnFailure=false formatter=org.apache.tools.ant.taskdefs.optional.junit.SummaryJUnitResultFormatter showoutput=false outputtoformatters=true logfailedtests=true threadid=0 logtestlistenerevents=false formatter=org.apache.tools.ant.taskdefs.optional.junit.XMLJUnitResultFormatter,C:\Users\User\OneDrive\Documents\F.CSA313-Batalgaa\Lab7-UnitTest\MeetingPlanner\build\test-reports\TEST-edu.sc.csce747.MeetingPlanner.RoomTest.xml formatter=org.apache.tools.ant.taskdefs.optional.junit.PlainJUnitResultFormatter crashfile=C:\Users\User\OneDrive\Documents\F.CSA313-Batalgaa\Lab7-UnitTest\MeetingPlanner\junitvmwatcher800456992294659865.properties propsfile=C:\Users\User\OneDrive\Documents\F.CSA313-Batalgaa\Lab7-UnitTest\MeetingPlanner\junit15102771264771990809.properties" />
    <property name="test.classes.dir" value="build/test-classes" />
    <property name="jdk.debug" value="release" />
    <property name="sun.cpu.endian" value="little" />
    <property name="test.dir" value="src/test/java" />
    <property name="user.home" value="C:\Users\User" />
    <property name="user.language" value="en" />
    <property name="java.specification.vendor" value="Oracle Corporation" />
    <property name="java.version.date" value="2024-07-16" />
    <property name="java.home" value="C:\Program Files\Java\jdk-22" />
    <property name="basedir" value="C:\Users\User\OneDrive\Documents\F.CSA313-Batalgaa\Lab7-UnitTest\MeetingPlanner" />
    <property name="file.separator" value="\" />
    <property name="javadoc.dir" value="build/javadoc" />
    <property name="java.vm.compressedOopsMode" value="32-bit" />
    <property name="line.separator" value="&#xd;&#xa;" />
    <property name="ant.java.version" value="22" />
    <property name="java.specification.name" value="Java Platform API Specification" />
    <property name="java.vm.specification.vendor" value="Oracle Corporation" />
    <property name="user.script" value="" />
    <property name="sun.management.compiler" value="HotSpot 64-Bit Tiered Compilers" />
    <property name="java.runtime.version" value="22.0.2+9-70" />
    <property name="user.name" value="User" />
    <property name="ant.file" value="C:\Users\User\OneDrive\Documents\F.CSA313-Batalgaa\Lab7-UnitTest\MeetingPlanner\build.xml" />
    <property name="stdout.encoding" value="Cp1252" />
    <property name="hamcrest.version" value="1.3" />
    <property name="path.separator" value=";" />
    <property name="os.version" value="10.0" />
    <property name="java.runtime.name" value="Java(TM) SE Runtime Environment" />
    <property name="file.encoding" value="UTF-8" />
    <property name="ant.project.invoked-targets" value="test-detailed" />
    <property name="ant.file.type.MeetingPlanner" value="file" />
    <property name="java.vm.name" value="Java HotSpot(TM) 64-Bit Server VM" />
    <property name="test.reports.dir" value="build/test-reports" />
    <property name="build.dir" value="build" />
    <property name="ant.core.lib" value="C:\ant\apache-ant-1.10.14\lib\ant.jar" />
    <property name="java.vendor.url.bug" value="https://bugreport.java.com/bugreport/" />
    <property name="java.io.tmpdir" value="C:\Users\User\AppData\Local\Temp\" />
    <property name="java.version" value="22.0.2" />
    <property name="user.dir" value="C:\Users\User\OneDrive\Documents\F.CSA313-Batalgaa\Lab7-UnitTest\MeetingPlanner" />
    <property name="os.arch" value="amd64" />
    <property name="ant.file.MeetingPlanner" value="C:\Users\User\OneDrive\Documents\F.CSA313-Batalgaa\Lab7-UnitTest\MeetingPlanner\build.xml" />
    <property name="java.vm.specification.name" value="Java Virtual Machine Specification" />
    <property name="ant.home" value="C:\ant\apache-ant-1.10.14\bin\.." />
    <property name="lib.dir" value="lib" />
    <property name="sun.os.patch.level" value="" />
    <property name="native.encoding" value="Cp1252" />
    <property name="ant.version" value="Apache Ant(TM) version 1.10.14 compiled on August 16 2023" />
    <property name="java.library.path" value="C:\Program Files\Java\jdk-22\bin;C:\WINDOWS\Sun\Java\bin;C:\WINDOWS\system32;C:\WINDOWS;C:\Program Files\Common Files\Oracle\Java\javapath;C:\WINDOWS\system32;C:\WINDOWS;C:\WINDOWS\System32\Wbem;C:\WINDOWS\System32\WindowsPowerShell\v1.0\;C:\WINDOWS\System32\OpenSSH\;C:\Program Files\Microsoft SQL Server\150\Tools\Binn\;C:\Program Files\Microsoft SQL Server\Client SDK\ODBC\170\Tools\Binn\;C:\Program Files (x86)\Microsoft SQL Server\160\Tools\Binn\;C:\Program Files\Microsoft SQL Server\160\Tools\Binn\;C:\Program Files\Microsoft SQL Server\160\DTS\Binn\;C:\Program Files (x86)\Microsoft SQL Server\160\DTS\Binn\;C:\Program Files (x86)\Microsoft SQL Server\150\Tools\Binn\;C:\Program Files (x86)\Microsoft SQL Server\150\DTS\Binn\;C:\Program Files\Microsoft SQL Server\150\DTS\Binn\;C:\Program Files\TortoiseSVN\bin;C:\Program Files\nodejs\;C:\Program Files (x86)\Windows Kits\10\Windows Performance Toolkit\;C:\Program Files\Git\cmd;C:\Program Files\dotnet\;C:\sqlite;C:\Users\User\AppData\Local\Programs\Python\Python312\Scripts\;C:\Users\User\AppData\Local\Programs\Python\Python312\;C:\Users\User\AppData\Local\Microsoft\WindowsApps;C:\Program Files\JetBrains\IntelliJ IDEA 2023.1.\bin;;C:\Program Files\Azure Data Studio\bin;C:\Users\User\AppData\Local\Programs\Microsoft VS Code\bin;C:\ghcup\bin;C:\Users\User\AppData\Roaming\npm;C:\flutter\bin;C:\Users\User\.dotnet\tools;C:\Users\User\AppData\Local\Programs\cursor\resources\app\bin;C:\Users\User\AppData\Local\GitHubDesktop\bin;C:\ant\apache-ant-1.10.14\bin;." />
    <property name="java.vendor" value="Oracle Corporation" />
    <property name="stderr.encoding" value="Cp1252" />
    <property name="java.vm.info" value="mixed mode, sharing" />
    <property name="java.vm.version" value="22.0.2+9-70" />
    <property name="classes.dir" value="build/classes" />
    <property name="sun.io.unicode.encoding" value="UnicodeLittle" />
    <property name="java.class.version" value="66.0" />
    <property name="src.dir" value="src/main/java" />
    <property name="ant.project.default-target" value="compile" />
  </properties>
  <testcase classname="edu.sc.csce747.MeetingPlanner.RoomTest" name="testPrintAgenda_day" time="0.14" />
  <testcase classname="edu.sc.csce747.MeetingPlanner.RoomTest" name="testMultipleRoomsDifferentSchedules" time="0.003" />
  <testcase classname="edu.sc.csce747.MeetingPlanner.RoomTest" name="testRoomDefaultConstructor" time="0.002" />
  <testcase classname="edu.sc.csce747.MeetingPlanner.RoomTest" name="testIsBusy_invalidParameters" time="0.002" />
  <testcase classname="edu.sc.csce747.MeetingPlanner.RoomTest" name="testRemoveMeeting" time="0.004" />
  <testcase classname="edu.sc.csce747.MeetingPlanner.RoomTest" name="testAddMeeting_timeConflict" time="0.036" />
  <testcase classname="edu.sc.csce747.MeetingPlanner.RoomTest" name="testAddMeeting_validMeeting" time="0.002" />
  <testcase classname="edu.sc.csce747.MeetingPlanner.RoomTest" name="testIsBusy_validTime" time="0.033">
    <failure message="Should not throw exception: Meeting starts before it ends." type="junit.framework.AssertionFailedError">junit.framework.AssertionFailedError: Should not throw exception: Meeting starts before it ends.
	at edu.sc.csce747.MeetingPlanner.RoomTest.testIsBusy_validTime(RoomTest.java:54)
	at java.base/jdk.internal.reflect.DirectMethodHandleAccessor.invoke(DirectMethodHandleAccessor.java:103)
</failure>
  </testcase>
  <testcase classname="edu.sc.csce747.MeetingPlanner.RoomTest" name="testGetMeeting" time="0.003" />
  <testcase classname="edu.sc.csce747.MeetingPlanner.RoomTest" name="testAddMeeting_invalidTime" time="0.002" />
  <testcase classname="edu.sc.csce747.MeetingPlanner.RoomTest" name="testRoomConstructorWithID" time="0.001" />
  <testcase classname="edu.sc.csce747.MeetingPlanner.RoomTest" name="testPrintAgenda_month" time="0.022" />
  <system-out><![CDATA[]]></system-out>
  <system-err><![CDATA[]]></system-err>
</testsuite>
